<?xml version="1.0" encoding="UTF-8"?>
<testng-results ignored="0" total="1" passed="1" failed="0" skipped="0">
  <reporter-output>
  </reporter-output>
  <suite started-at="2023-08-31T17:53:43 IST" name="Default suite" finished-at="2023-08-31T17:53:43 IST" duration-ms="32">
    <groups>
    </groups>
    <test started-at="2023-08-31T17:53:43 IST" name="Default test" finished-at="2023-08-31T17:53:43 IST" duration-ms="32">
      <class name="base.Work">
        <test-method signature="Hello()[pri:0, instance:base.Work@29647f75]" started-at="2023-08-31T17:53:43 IST" name="Hello" finished-at="2023-08-31T17:53:43 IST" duration-ms="7" status="PASS">
          <reporter-output>
          </reporter-output>
        </test-method> <!-- Hello -->
      </class> <!-- base.Work -->
    </test> <!-- Default test -->
  </suite> <!-- Default suite -->
</testng-results>
